[server] listening on port 9000
[server] accepted first client
[server] accepted second client
[server] recv SEL_D from client1: SEL_D 15 999999940 999999925 999999873 999999928
[server] recv SEL_D from client2: SEL_D 999999992 10 57 115 7
[server] recv SEL_E from client1 (len=108)
[server] recv SEL_E from client2 (len=101)
[server] sent OPENED_SEL_D
[server] sent OPENED_SEL_E
[server] sent SEL_FE_VEC shares
[server] recv A1: ALPHA 999999936 33 80
[server] recv A2: ALPHA 39 999999982 999999987
[server] recv B1: BETA 270632 2901243 1517943
[server] recv B2: BETA 999729373 997098858 998482083
[server] sent OPENED_ALPHA
[server] sent OPENED_BETA
[server] sent ALPHA_BETA_R shares
[server] recv E1: E_VEC 270667 2901087 1518078
[server] recv E2: E_VEC 999729304 997098913 998481940
[server] recv F1: F_SCAL 227512
[server] recv F2: F_SCAL 999774875
[server] sent OPENED_E
[server] sent OPENED_F
[server] sent FE_VEC shares
[server] recv SEL_D from client1: SEL_D 218 999999944 999999855 39 999999885
[server] recv SEL_D from client2: SEL_D 999999840 21 133 58 99
[server] recv SEL_E from client1 (len=122)
[server] recv SEL_E from client2 (len=102)
[server] sent OPENED_SEL_D
[server] sent OPENED_SEL_E
[server] sent SEL_FE_VEC shares
[server] recv A1: ALPHA 999999898 77 999999949
[server] recv A2: ALPHA 75 1000000000 24
[server] recv B1: BETA 999355425 998875511 1257428
[server] recv B2: BETA 644559 1124538 998742544
[server] sent OPENED_ALPHA
[server] sent OPENED_BETA
[server] sent ALPHA_BETA_R shares
[server] recv E1: E_VEC 999355513 998875519 1257733
[server] recv E2: E_VEC 644600 1124482 998742412
[server] recv F1: F_SCAL 999393329
[server] recv F2: F_SCAL 608910
[server] sent OPENED_E
[server] sent OPENED_F
[server] sent FE_VEC shares
[server] exit
